<?xml version="1.0" encoding="UTF-8"?>
<!-- Generated by org.testng.reporters.JUnitXMLReporter -->
<testsuite ignored="8" hostname="LAPTOP-INML28EB" failures="2" tests="6" name="Test" time="93.457" errors="0" timestamp="2023-07-17T18:04:14 IST">
  <testcase classname="organization.CreateOrganization" name="createOrganization" time="9.432">
    <skipped/>
  </testcase> <!-- createOrganization -->
  <testcase classname="organization.CreateOrganization" name="createOrganization" time="3.465">
    <skipped/>
  </testcase> <!-- createOrganization -->
  <testcase classname="organization.CreateOrganization" name="createOrganization" time="4.381">
    <skipped/>
  </testcase> <!-- createOrganization -->
  <testcase classname="organization.CreateOrganization" name="createOrganization" time="4.664">
    <failure type="java.lang.NullPointerException" message="Cannot invoke &amp;quot;org.apache.poi.ss.usermodel.Sheet.getRow(int)&amp;quot; because &amp;quot;sh&amp;quot; is null">
      <![CDATA[java.lang.NullPointerException: Cannot invoke "org.apache.poi.ss.usermodel.Sheet.getRow(int)" because "sh" is null
at Generic_Utility.Excel_Utility.getExcelData(Excel_Utility.java:23)
at organization.CreateOrganization.createOrganization(CreateOrganization.java:63)
at java.base/java.util.ArrayList.forEach(ArrayList.java:1511)
... Removed 25 stack frames]]>
    </failure>
  </testcase> <!-- createOrganization -->
  <testcase classname="campaign.CreateCampaign" name="createCampaign" time="16.756">
    <failure type="java.lang.AssertionError" message="expected [Qspider5] but found [ChromeDriver: chrome on WINDOWS (2879eeb9ff64e578e89b9571bb28ccda)]">
      <![CDATA[java.lang.AssertionError: expected [Qspider5] but found [ChromeDriver: chrome on WINDOWS (2879eeb9ff64e578e89b9571bb28ccda)]
at campaign.CreateCampaign.createCampaign(CreateCampaign.java:118)
at java.base/java.util.ArrayList.forEach(ArrayList.java:1511)
... Removed 30 stack frames]]>
    </failure>
  </testcase> <!-- createCampaign -->
  <testcase classname="product.CreateProduct" name="createProduct" time="10.784"/>
  <testcase classname="Generic_Utility.BaseClass" name="@BeforeTest BT" time="0.0">
    <ignored/>
  </testcase> <!-- @BeforeTest BT -->
  <testcase classname="Generic_Utility.BaseClass" name="@BeforeTest BT" time="0.0">
    <ignored/>
  </testcase> <!-- @BeforeTest BT -->
  <testcase classname="Generic_Utility.BaseClass" name="@AfterSuite AS" time="0.0">
    <ignored/>
  </testcase> <!-- @AfterSuite AS -->
  <testcase classname="Generic_Utility.BaseClass" name="@AfterSuite AS" time="0.0">
    <ignored/>
  </testcase> <!-- @AfterSuite AS -->
  <testcase classname="Generic_Utility.BaseClass" name="@AfterTest AT" time="0.0">
    <ignored/>
  </testcase> <!-- @AfterTest AT -->
  <testcase classname="Generic_Utility.BaseClass" name="@AfterTest AT" time="0.0">
    <ignored/>
  </testcase> <!-- @AfterTest AT -->
  <testcase classname="Generic_Utility.BaseClass" name="@BeforeSuite BS" time="0.0">
    <ignored/>
  </testcase> <!-- @BeforeSuite BS -->
  <testcase classname="Generic_Utility.BaseClass" name="@BeforeSuite BS" time="0.0">
    <ignored/>
  </testcase> <!-- @BeforeSuite BS -->
</testsuite> <!-- Test -->
